[2025-03-25 14:53:25,731] multiqc                                            [DEBUG  ]  No MultiQC config found: /isg/shared/apps/MultiQC/1.9/lib/python3.6/site-packages/multiqc_config.yaml
[2025-03-25 14:53:25,731] multiqc                                            [DEBUG  ]  No MultiQC config found: /home/FCAM/fgazeyoglu/.multiqc_config.yaml
[2025-03-25 14:53:25,732] multiqc                                            [DEBUG  ]  No MultiQC config found: multiqc_config.yaml
[2025-03-25 14:53:25,732] multiqc                                            [DEBUG  ]  Command used: /isg/shared/apps/MultiQC/1.9/bin/multiqc -f -o ../../results/02_qc/fastqc_raw/multiqc ../../results/02_qc/fastqc_raw
[2025-03-25 14:53:26,331] multiqc                                            [WARNING]  MultiQC Version v1.28 now available!
[2025-03-25 14:53:26,334] multiqc                                            [INFO   ]  This is MultiQC v1.9
[2025-03-25 14:53:26,334] multiqc                                            [DEBUG  ]  Command     : /isg/shared/apps/MultiQC/1.9/bin/multiqc -f -o ../../results/02_qc/fastqc_raw/multiqc ../../results/02_qc/fastqc_raw
[2025-03-25 14:53:26,334] multiqc                                            [DEBUG  ]  Working dir : /home/FCAM/fgazeyoglu/finalproject5312/scripts/02_qc
[2025-03-25 14:53:26,334] multiqc                                            [INFO   ]  Template    : default
[2025-03-25 14:53:26,335] multiqc                                            [DEBUG  ]  Running Python 3.6.8 (default, Nov 16 2020, 16:55:22)  [GCC 4.8.5 20150623 (Red Hat 4.8.5-44)]
[2025-03-25 14:53:26,335] multiqc                                            [INFO   ]  Searching   : /home/FCAM/fgazeyoglu/finalproject5312/results/02_qc/fastqc_raw
[2025-03-25 14:53:26,336] multiqc                                            [DEBUG  ]  Analysing modules: custom_content, conpair, peddy, somalier, methylQA, mosdepth, phantompeakqualtools, qualimap, preseq, quast, qorts, rna_seqc, rockhopper, rsem, rseqc, busco, goleft_indexcov, disambiguate, supernova, deeptools, sargasso, verifybamid, mirtrace, happy, mirtop, homer, macs2, theta2, snpeff, gatk, htseq, bcftools, featureCounts, fgbio, dragen, dedup, damageprofiler, biobambam2, mtnucratio, picard, prokka, samblaster, samtools, sexdeterrmine, bamtools, jellyfish, vcftools, longranger, stacks, varscan2, bbmap, bismark, biscuit, hicexplorer, hicup, hicpro, salmon, kallisto, slamdunk, star, hisat2, tophat, bowtie2, bowtie1, snpsplit, kat, leehom, adapterRemoval, clipandmerge, cutadapt, flexbar, kaiju, kraken, malt, trimmomatic, sickle, skewer, sortmerna, biobloomtools, fastq_screen, afterqc, fastp, fastqc, pycoqc, minionqc, multivcfanalyzer, clusterflow, bcl2fastq, interop, ivar, flash, seqyclean
[2025-03-25 14:53:26,336] multiqc                                            [DEBUG  ]  Using temporary directory for creating report: /tmp/tmp1jj1qwum
[2025-03-25 14:53:26,559] multiqc                                            [DEBUG  ]  File ignored by hicexplorer because it exceeded search pattern filesize limit: SRR25266122_2_fastqc.html
[2025-03-25 14:53:26,569] multiqc                                            [DEBUG  ]  File ignored by longranger/invocation because it exceeded search pattern filesize limit: SRR25266122_2_fastqc.html
[2025-03-25 14:53:26,636] multiqc                                            [DEBUG  ]  File ignored by hicexplorer because it exceeded search pattern filesize limit: SRR25266139_2_fastqc.html
[2025-03-25 14:53:26,645] multiqc                                            [DEBUG  ]  File ignored by longranger/invocation because it exceeded search pattern filesize limit: SRR25266139_2_fastqc.html
[2025-03-25 14:53:26,713] multiqc                                            [DEBUG  ]  File ignored by hicexplorer because it exceeded search pattern filesize limit: SRR25266140_2_fastqc.html
[2025-03-25 14:53:26,722] multiqc                                            [DEBUG  ]  File ignored by longranger/invocation because it exceeded search pattern filesize limit: SRR25266140_2_fastqc.html
[2025-03-25 14:53:26,789] multiqc                                            [DEBUG  ]  File ignored by hicexplorer because it exceeded search pattern filesize limit: SRR25266125_1_fastqc.html
[2025-03-25 14:53:26,798] multiqc                                            [DEBUG  ]  File ignored by longranger/invocation because it exceeded search pattern filesize limit: SRR25266125_1_fastqc.html
[2025-03-25 14:53:26,864] multiqc                                            [DEBUG  ]  File ignored by hicexplorer because it exceeded search pattern filesize limit: SRR25266124_2_fastqc.html
[2025-03-25 14:53:26,872] multiqc                                            [DEBUG  ]  File ignored by longranger/invocation because it exceeded search pattern filesize limit: SRR25266124_2_fastqc.html
[2025-03-25 14:53:26,942] multiqc                                            [DEBUG  ]  File ignored by hicexplorer because it exceeded search pattern filesize limit: SRR25266111_2_fastqc.html
[2025-03-25 14:53:26,951] multiqc                                            [DEBUG  ]  File ignored by longranger/invocation because it exceeded search pattern filesize limit: SRR25266111_2_fastqc.html
[2025-03-25 14:53:27,020] multiqc                                            [DEBUG  ]  File ignored by hicexplorer because it exceeded search pattern filesize limit: SRR25266113_1_fastqc.html
[2025-03-25 14:53:27,029] multiqc                                            [DEBUG  ]  File ignored by longranger/invocation because it exceeded search pattern filesize limit: SRR25266113_1_fastqc.html
[2025-03-25 14:53:27,096] multiqc                                            [DEBUG  ]  File ignored by hicexplorer because it exceeded search pattern filesize limit: SRR25266132_1_fastqc.html
[2025-03-25 14:53:27,104] multiqc                                            [DEBUG  ]  File ignored by longranger/invocation because it exceeded search pattern filesize limit: SRR25266132_1_fastqc.html
[2025-03-25 14:53:27,165] multiqc                                            [DEBUG  ]  File ignored by hicexplorer because it exceeded search pattern filesize limit: SRR25266135_2_fastqc.html
[2025-03-25 14:53:27,173] multiqc                                            [DEBUG  ]  File ignored by longranger/invocation because it exceeded search pattern filesize limit: SRR25266135_2_fastqc.html
[2025-03-25 14:53:27,240] multiqc                                            [DEBUG  ]  File ignored by hicexplorer because it exceeded search pattern filesize limit: SRR25266143_2_fastqc.html
[2025-03-25 14:53:27,249] multiqc                                            [DEBUG  ]  File ignored by longranger/invocation because it exceeded search pattern filesize limit: SRR25266143_2_fastqc.html
[2025-03-25 14:53:27,315] multiqc                                            [DEBUG  ]  File ignored by hicexplorer because it exceeded search pattern filesize limit: SRR25266112_1_fastqc.html
[2025-03-25 14:53:27,323] multiqc                                            [DEBUG  ]  File ignored by longranger/invocation because it exceeded search pattern filesize limit: SRR25266112_1_fastqc.html
[2025-03-25 14:53:27,389] multiqc                                            [DEBUG  ]  File ignored by hicexplorer because it exceeded search pattern filesize limit: SRR25266120_1_fastqc.html
[2025-03-25 14:53:27,398] multiqc                                            [DEBUG  ]  File ignored by longranger/invocation because it exceeded search pattern filesize limit: SRR25266120_1_fastqc.html
[2025-03-25 14:53:27,467] multiqc                                            [DEBUG  ]  File ignored by hicexplorer because it exceeded search pattern filesize limit: SRR25266113_2_fastqc.html
[2025-03-25 14:53:27,475] multiqc                                            [DEBUG  ]  File ignored by longranger/invocation because it exceeded search pattern filesize limit: SRR25266113_2_fastqc.html
[2025-03-25 14:53:27,540] multiqc                                            [DEBUG  ]  File ignored by hicexplorer because it exceeded search pattern filesize limit: SRR25266124_1_fastqc.html
[2025-03-25 14:53:27,548] multiqc                                            [DEBUG  ]  File ignored by longranger/invocation because it exceeded search pattern filesize limit: SRR25266124_1_fastqc.html
[2025-03-25 14:53:27,610] multiqc                                            [DEBUG  ]  File ignored by hicexplorer because it exceeded search pattern filesize limit: SRR25266112_2_fastqc.html
[2025-03-25 14:53:27,618] multiqc                                            [DEBUG  ]  File ignored by longranger/invocation because it exceeded search pattern filesize limit: SRR25266112_2_fastqc.html
[2025-03-25 14:53:27,683] multiqc                                            [DEBUG  ]  File ignored by hicexplorer because it exceeded search pattern filesize limit: SRR25266138_2_fastqc.html
[2025-03-25 14:53:27,693] multiqc                                            [DEBUG  ]  File ignored by longranger/invocation because it exceeded search pattern filesize limit: SRR25266138_2_fastqc.html
[2025-03-25 14:53:27,761] multiqc                                            [DEBUG  ]  File ignored by hicexplorer because it exceeded search pattern filesize limit: SRR25266129_2_fastqc.html
[2025-03-25 14:53:27,769] multiqc                                            [DEBUG  ]  File ignored by longranger/invocation because it exceeded search pattern filesize limit: SRR25266129_2_fastqc.html
[2025-03-25 14:53:27,831] multiqc                                            [DEBUG  ]  File ignored by hicexplorer because it exceeded search pattern filesize limit: SRR25266121_1_fastqc.html
[2025-03-25 14:53:27,839] multiqc                                            [DEBUG  ]  File ignored by longranger/invocation because it exceeded search pattern filesize limit: SRR25266121_1_fastqc.html
[2025-03-25 14:53:27,901] multiqc                                            [DEBUG  ]  File ignored by hicexplorer because it exceeded search pattern filesize limit: SRR25266142_2_fastqc.html
[2025-03-25 14:53:27,909] multiqc                                            [DEBUG  ]  File ignored by longranger/invocation because it exceeded search pattern filesize limit: SRR25266142_2_fastqc.html
[2025-03-25 14:53:27,972] multiqc                                            [DEBUG  ]  File ignored by hicexplorer because it exceeded search pattern filesize limit: SRR25266129_1_fastqc.html
[2025-03-25 14:53:27,980] multiqc                                            [DEBUG  ]  File ignored by longranger/invocation because it exceeded search pattern filesize limit: SRR25266129_1_fastqc.html
[2025-03-25 14:53:28,043] multiqc                                            [DEBUG  ]  File ignored by hicexplorer because it exceeded search pattern filesize limit: SRR25266128_1_fastqc.html
[2025-03-25 14:53:28,052] multiqc                                            [DEBUG  ]  File ignored by longranger/invocation because it exceeded search pattern filesize limit: SRR25266128_1_fastqc.html
[2025-03-25 14:53:28,117] multiqc                                            [DEBUG  ]  File ignored by hicexplorer because it exceeded search pattern filesize limit: SRR25266140_1_fastqc.html
[2025-03-25 14:53:28,126] multiqc                                            [DEBUG  ]  File ignored by longranger/invocation because it exceeded search pattern filesize limit: SRR25266140_1_fastqc.html
[2025-03-25 14:53:28,196] multiqc                                            [DEBUG  ]  File ignored by hicexplorer because it exceeded search pattern filesize limit: SRR25266119_2_fastqc.html
[2025-03-25 14:53:28,205] multiqc                                            [DEBUG  ]  File ignored by longranger/invocation because it exceeded search pattern filesize limit: SRR25266119_2_fastqc.html
[2025-03-25 14:53:28,274] multiqc                                            [DEBUG  ]  File ignored by hicexplorer because it exceeded search pattern filesize limit: SRR25266111_1_fastqc.html
[2025-03-25 14:53:28,286] multiqc                                            [DEBUG  ]  File ignored by longranger/invocation because it exceeded search pattern filesize limit: SRR25266111_1_fastqc.html
[2025-03-25 14:53:28,358] multiqc                                            [DEBUG  ]  File ignored by hicexplorer because it exceeded search pattern filesize limit: SRR25266127_1_fastqc.html
[2025-03-25 14:53:28,366] multiqc                                            [DEBUG  ]  File ignored by longranger/invocation because it exceeded search pattern filesize limit: SRR25266127_1_fastqc.html
[2025-03-25 14:53:28,434] multiqc                                            [DEBUG  ]  File ignored by hicexplorer because it exceeded search pattern filesize limit: SRR25266120_2_fastqc.html
[2025-03-25 14:53:28,443] multiqc                                            [DEBUG  ]  File ignored by longranger/invocation because it exceeded search pattern filesize limit: SRR25266120_2_fastqc.html
[2025-03-25 14:53:28,522] multiqc                                            [DEBUG  ]  File ignored by hicexplorer because it exceeded search pattern filesize limit: SRR25266135_1_fastqc.html
[2025-03-25 14:53:28,531] multiqc                                            [DEBUG  ]  File ignored by longranger/invocation because it exceeded search pattern filesize limit: SRR25266135_1_fastqc.html
[2025-03-25 14:53:28,599] multiqc                                            [DEBUG  ]  File ignored by hicexplorer because it exceeded search pattern filesize limit: SRR25266133_1_fastqc.html
[2025-03-25 14:53:28,607] multiqc                                            [DEBUG  ]  File ignored by longranger/invocation because it exceeded search pattern filesize limit: SRR25266133_1_fastqc.html
[2025-03-25 14:53:28,671] multiqc                                            [DEBUG  ]  File ignored by hicexplorer because it exceeded search pattern filesize limit: SRR25266134_1_fastqc.html
[2025-03-25 14:53:28,679] multiqc                                            [DEBUG  ]  File ignored by longranger/invocation because it exceeded search pattern filesize limit: SRR25266134_1_fastqc.html
[2025-03-25 14:53:28,745] multiqc                                            [DEBUG  ]  File ignored by hicexplorer because it exceeded search pattern filesize limit: SRR25266131_1_fastqc.html
[2025-03-25 14:53:28,754] multiqc                                            [DEBUG  ]  File ignored by longranger/invocation because it exceeded search pattern filesize limit: SRR25266131_1_fastqc.html
[2025-03-25 14:53:28,820] multiqc                                            [DEBUG  ]  File ignored by hicexplorer because it exceeded search pattern filesize limit: SRR25266141_2_fastqc.html
[2025-03-25 14:53:28,828] multiqc                                            [DEBUG  ]  File ignored by longranger/invocation because it exceeded search pattern filesize limit: SRR25266141_2_fastqc.html
[2025-03-25 14:53:28,900] multiqc                                            [DEBUG  ]  File ignored by hicexplorer because it exceeded search pattern filesize limit: SRR25266131_2_fastqc.html
[2025-03-25 14:53:28,910] multiqc                                            [DEBUG  ]  File ignored by longranger/invocation because it exceeded search pattern filesize limit: SRR25266131_2_fastqc.html
[2025-03-25 14:53:28,982] multiqc                                            [DEBUG  ]  File ignored by hicexplorer because it exceeded search pattern filesize limit: SRR25266123_1_fastqc.html
[2025-03-25 14:53:28,990] multiqc                                            [DEBUG  ]  File ignored by longranger/invocation because it exceeded search pattern filesize limit: SRR25266123_1_fastqc.html
[2025-03-25 14:53:29,057] multiqc                                            [DEBUG  ]  File ignored by hicexplorer because it exceeded search pattern filesize limit: SRR25266133_2_fastqc.html
[2025-03-25 14:53:29,068] multiqc                                            [DEBUG  ]  File ignored by longranger/invocation because it exceeded search pattern filesize limit: SRR25266133_2_fastqc.html
[2025-03-25 14:53:29,146] multiqc                                            [DEBUG  ]  File ignored by hicexplorer because it exceeded search pattern filesize limit: SRR25266123_2_fastqc.html
[2025-03-25 14:53:29,156] multiqc                                            [DEBUG  ]  File ignored by longranger/invocation because it exceeded search pattern filesize limit: SRR25266123_2_fastqc.html
[2025-03-25 14:53:29,227] multiqc                                            [DEBUG  ]  File ignored by hicexplorer because it exceeded search pattern filesize limit: SRR25266115_1_fastqc.html
[2025-03-25 14:53:29,235] multiqc                                            [DEBUG  ]  File ignored by longranger/invocation because it exceeded search pattern filesize limit: SRR25266115_1_fastqc.html
[2025-03-25 14:53:29,306] multiqc                                            [DEBUG  ]  File ignored by hicexplorer because it exceeded search pattern filesize limit: SRR25266121_2_fastqc.html
[2025-03-25 14:53:29,315] multiqc                                            [DEBUG  ]  File ignored by longranger/invocation because it exceeded search pattern filesize limit: SRR25266121_2_fastqc.html
[2025-03-25 14:53:29,385] multiqc                                            [DEBUG  ]  File ignored by hicexplorer because it exceeded search pattern filesize limit: SRR25266134_2_fastqc.html
[2025-03-25 14:53:29,393] multiqc                                            [DEBUG  ]  File ignored by longranger/invocation because it exceeded search pattern filesize limit: SRR25266134_2_fastqc.html
[2025-03-25 14:53:29,460] multiqc                                            [DEBUG  ]  File ignored by hicexplorer because it exceeded search pattern filesize limit: SRR25266125_2_fastqc.html
[2025-03-25 14:53:29,468] multiqc                                            [DEBUG  ]  File ignored by longranger/invocation because it exceeded search pattern filesize limit: SRR25266125_2_fastqc.html
[2025-03-25 14:53:29,538] multiqc                                            [DEBUG  ]  File ignored by hicexplorer because it exceeded search pattern filesize limit: SRR25266122_1_fastqc.html
[2025-03-25 14:53:29,546] multiqc                                            [DEBUG  ]  File ignored by longranger/invocation because it exceeded search pattern filesize limit: SRR25266122_1_fastqc.html
[2025-03-25 14:53:29,612] multiqc                                            [DEBUG  ]  File ignored by hicexplorer because it exceeded search pattern filesize limit: SRR25266118_1_fastqc.html
[2025-03-25 14:53:29,619] multiqc                                            [DEBUG  ]  File ignored by longranger/invocation because it exceeded search pattern filesize limit: SRR25266118_1_fastqc.html
[2025-03-25 14:53:29,686] multiqc                                            [DEBUG  ]  File ignored by hicexplorer because it exceeded search pattern filesize limit: SRR25266119_1_fastqc.html
[2025-03-25 14:53:29,694] multiqc                                            [DEBUG  ]  File ignored by longranger/invocation because it exceeded search pattern filesize limit: SRR25266119_1_fastqc.html
[2025-03-25 14:53:29,761] multiqc                                            [DEBUG  ]  File ignored by hicexplorer because it exceeded search pattern filesize limit: SRR25266116_2_fastqc.html
[2025-03-25 14:53:29,770] multiqc                                            [DEBUG  ]  File ignored by longranger/invocation because it exceeded search pattern filesize limit: SRR25266116_2_fastqc.html
[2025-03-25 14:53:29,840] multiqc                                            [DEBUG  ]  File ignored by hicexplorer because it exceeded search pattern filesize limit: SRR25266126_1_fastqc.html
[2025-03-25 14:53:29,850] multiqc                                            [DEBUG  ]  File ignored by longranger/invocation because it exceeded search pattern filesize limit: SRR25266126_1_fastqc.html
[2025-03-25 14:53:29,924] multiqc                                            [DEBUG  ]  File ignored by hicexplorer because it exceeded search pattern filesize limit: SRR25266132_2_fastqc.html
[2025-03-25 14:53:29,933] multiqc                                            [DEBUG  ]  File ignored by longranger/invocation because it exceeded search pattern filesize limit: SRR25266132_2_fastqc.html
[2025-03-25 14:53:30,000] multiqc                                            [DEBUG  ]  File ignored by hicexplorer because it exceeded search pattern filesize limit: SRR25266114_2_fastqc.html
[2025-03-25 14:53:30,009] multiqc                                            [DEBUG  ]  File ignored by longranger/invocation because it exceeded search pattern filesize limit: SRR25266114_2_fastqc.html
[2025-03-25 14:53:30,079] multiqc                                            [DEBUG  ]  File ignored by hicexplorer because it exceeded search pattern filesize limit: SRR25266139_1_fastqc.html
[2025-03-25 14:53:30,088] multiqc                                            [DEBUG  ]  File ignored by longranger/invocation because it exceeded search pattern filesize limit: SRR25266139_1_fastqc.html
[2025-03-25 14:53:30,161] multiqc                                            [DEBUG  ]  File ignored by hicexplorer because it exceeded search pattern filesize limit: SRR25266130_2_fastqc.html
[2025-03-25 14:53:30,171] multiqc                                            [DEBUG  ]  File ignored by longranger/invocation because it exceeded search pattern filesize limit: SRR25266130_2_fastqc.html
[2025-03-25 14:53:30,242] multiqc                                            [DEBUG  ]  File ignored by hicexplorer because it exceeded search pattern filesize limit: SRR25266141_1_fastqc.html
[2025-03-25 14:53:30,252] multiqc                                            [DEBUG  ]  File ignored by longranger/invocation because it exceeded search pattern filesize limit: SRR25266141_1_fastqc.html
[2025-03-25 14:53:30,323] multiqc                                            [DEBUG  ]  File ignored by hicexplorer because it exceeded search pattern filesize limit: SRR25266137_2_fastqc.html
[2025-03-25 14:53:30,333] multiqc                                            [DEBUG  ]  File ignored by longranger/invocation because it exceeded search pattern filesize limit: SRR25266137_2_fastqc.html
[2025-03-25 14:53:30,403] multiqc                                            [DEBUG  ]  File ignored by hicexplorer because it exceeded search pattern filesize limit: SRR25266142_1_fastqc.html
[2025-03-25 14:53:30,412] multiqc                                            [DEBUG  ]  File ignored by longranger/invocation because it exceeded search pattern filesize limit: SRR25266142_1_fastqc.html
[2025-03-25 14:53:30,486] multiqc                                            [DEBUG  ]  File ignored by hicexplorer because it exceeded search pattern filesize limit: SRR25266117_1_fastqc.html
[2025-03-25 14:53:30,495] multiqc                                            [DEBUG  ]  File ignored by longranger/invocation because it exceeded search pattern filesize limit: SRR25266117_1_fastqc.html
[2025-03-25 14:53:30,564] multiqc                                            [DEBUG  ]  File ignored by hicexplorer because it exceeded search pattern filesize limit: SRR25266127_2_fastqc.html
[2025-03-25 14:53:30,572] multiqc                                            [DEBUG  ]  File ignored by longranger/invocation because it exceeded search pattern filesize limit: SRR25266127_2_fastqc.html
[2025-03-25 14:53:30,639] multiqc                                            [DEBUG  ]  File ignored by hicexplorer because it exceeded search pattern filesize limit: SRR25266114_1_fastqc.html
[2025-03-25 14:53:30,648] multiqc                                            [DEBUG  ]  File ignored by longranger/invocation because it exceeded search pattern filesize limit: SRR25266114_1_fastqc.html
[2025-03-25 14:53:30,714] multiqc                                            [DEBUG  ]  File ignored by hicexplorer because it exceeded search pattern filesize limit: SRR25266118_2_fastqc.html
[2025-03-25 14:53:30,723] multiqc                                            [DEBUG  ]  File ignored by longranger/invocation because it exceeded search pattern filesize limit: SRR25266118_2_fastqc.html
[2025-03-25 14:53:30,787] multiqc                                            [DEBUG  ]  File ignored by hicexplorer because it exceeded search pattern filesize limit: SRR25266126_2_fastqc.html
[2025-03-25 14:53:30,795] multiqc                                            [DEBUG  ]  File ignored by longranger/invocation because it exceeded search pattern filesize limit: SRR25266126_2_fastqc.html
[2025-03-25 14:53:30,859] multiqc                                            [DEBUG  ]  File ignored by hicexplorer because it exceeded search pattern filesize limit: SRR25266115_2_fastqc.html
[2025-03-25 14:53:30,867] multiqc                                            [DEBUG  ]  File ignored by longranger/invocation because it exceeded search pattern filesize limit: SRR25266115_2_fastqc.html
[2025-03-25 14:53:30,934] multiqc                                            [DEBUG  ]  File ignored by hicexplorer because it exceeded search pattern filesize limit: SRR25266116_1_fastqc.html
[2025-03-25 14:53:30,943] multiqc                                            [DEBUG  ]  File ignored by longranger/invocation because it exceeded search pattern filesize limit: SRR25266116_1_fastqc.html
[2025-03-25 14:53:31,008] multiqc                                            [DEBUG  ]  File ignored by hicexplorer because it exceeded search pattern filesize limit: SRR25266136_2_fastqc.html
[2025-03-25 14:53:31,017] multiqc                                            [DEBUG  ]  File ignored by longranger/invocation because it exceeded search pattern filesize limit: SRR25266136_2_fastqc.html
[2025-03-25 14:53:31,086] multiqc                                            [DEBUG  ]  File ignored by hicexplorer because it exceeded search pattern filesize limit: SRR25266136_1_fastqc.html
[2025-03-25 14:53:31,095] multiqc                                            [DEBUG  ]  File ignored by longranger/invocation because it exceeded search pattern filesize limit: SRR25266136_1_fastqc.html
[2025-03-25 14:53:31,159] multiqc                                            [DEBUG  ]  File ignored by hicexplorer because it exceeded search pattern filesize limit: SRR25266143_1_fastqc.html
[2025-03-25 14:53:31,168] multiqc                                            [DEBUG  ]  File ignored by longranger/invocation because it exceeded search pattern filesize limit: SRR25266143_1_fastqc.html
[2025-03-25 14:53:31,236] multiqc                                            [DEBUG  ]  File ignored by hicexplorer because it exceeded search pattern filesize limit: SRR25266117_2_fastqc.html
[2025-03-25 14:53:31,245] multiqc                                            [DEBUG  ]  File ignored by longranger/invocation because it exceeded search pattern filesize limit: SRR25266117_2_fastqc.html
[2025-03-25 14:53:31,317] multiqc                                            [DEBUG  ]  File ignored by hicexplorer because it exceeded search pattern filesize limit: SRR25266137_1_fastqc.html
[2025-03-25 14:53:31,325] multiqc                                            [DEBUG  ]  File ignored by longranger/invocation because it exceeded search pattern filesize limit: SRR25266137_1_fastqc.html
[2025-03-25 14:53:31,395] multiqc                                            [DEBUG  ]  File ignored by hicexplorer because it exceeded search pattern filesize limit: SRR25266130_1_fastqc.html
[2025-03-25 14:53:31,405] multiqc                                            [DEBUG  ]  File ignored by longranger/invocation because it exceeded search pattern filesize limit: SRR25266130_1_fastqc.html
[2025-03-25 14:53:31,478] multiqc                                            [DEBUG  ]  File ignored by hicexplorer because it exceeded search pattern filesize limit: SRR25266128_2_fastqc.html
[2025-03-25 14:53:31,487] multiqc                                            [DEBUG  ]  File ignored by longranger/invocation because it exceeded search pattern filesize limit: SRR25266128_2_fastqc.html
[2025-03-25 14:53:31,561] multiqc                                            [DEBUG  ]  File ignored by hicexplorer because it exceeded search pattern filesize limit: SRR25266138_1_fastqc.html
[2025-03-25 14:53:31,570] multiqc                                            [DEBUG  ]  File ignored by longranger/invocation because it exceeded search pattern filesize limit: SRR25266138_1_fastqc.html
[2025-03-25 14:53:32,107] multiqc.plots.bargraph                             [DEBUG  ]  Using matplotlib version 3.3.1
[2025-03-25 14:53:32,108] multiqc.plots.linegraph                            [DEBUG  ]  Using matplotlib version 3.3.1
[2025-03-25 14:53:32,110] multiqc                                            [DEBUG  ]  No samples found: custom_content
[2025-03-25 14:53:32,121] multiqc                                            [DEBUG  ]  No samples found: conpair
[2025-03-25 14:53:32,128] multiqc                                            [DEBUG  ]  No samples found: peddy
[2025-03-25 14:53:32,136] multiqc                                            [DEBUG  ]  No samples found: somalier
[2025-03-25 14:53:32,143] multiqc                                            [DEBUG  ]  No samples found: methylQA
[2025-03-25 14:53:32,155] multiqc                                            [DEBUG  ]  No samples found: mosdepth
[2025-03-25 14:53:32,164] multiqc                                            [DEBUG  ]  No samples found: phantompeakqualtools
[2025-03-25 14:53:32,170] multiqc                                            [DEBUG  ]  No samples found: qualimap
[2025-03-25 14:53:32,180] multiqc                                            [DEBUG  ]  No samples found: preseq
[2025-03-25 14:53:32,189] multiqc                                            [DEBUG  ]  No samples found: quast
[2025-03-25 14:53:32,197] multiqc                                            [DEBUG  ]  No samples found: qorts
[2025-03-25 14:53:32,206] multiqc                                            [DEBUG  ]  No samples found: rna_seqc
[2025-03-25 14:53:32,216] multiqc                                            [DEBUG  ]  No samples found: rockhopper
[2025-03-25 14:53:32,224] multiqc                                            [DEBUG  ]  No samples found: rsem
[2025-03-25 14:53:32,243] multiqc                                            [DEBUG  ]  No samples found: rseqc
[2025-03-25 14:53:32,253] multiqc                                            [DEBUG  ]  No samples found: busco
[2025-03-25 14:53:32,263] multiqc                                            [DEBUG  ]  No samples found: goleft_indexcov
[2025-03-25 14:53:32,272] multiqc                                            [DEBUG  ]  No samples found: disambiguate
[2025-03-25 14:53:32,282] multiqc                                            [DEBUG  ]  No samples found: supernova
[2025-03-25 14:53:32,306] multiqc                                            [DEBUG  ]  No samples found: deeptools
[2025-03-25 14:53:32,318] multiqc                                            [DEBUG  ]  No samples found: sargasso
[2025-03-25 14:53:32,329] multiqc                                            [DEBUG  ]  No samples found: verifybamid
[2025-03-25 14:53:32,339] multiqc                                            [DEBUG  ]  No samples found: mirtrace
[2025-03-25 14:53:32,347] multiqc                                            [DEBUG  ]  No samples found: happy
[2025-03-25 14:53:32,355] multiqc                                            [DEBUG  ]  No samples found: mirtop
[2025-03-25 14:53:32,367] multiqc                                            [DEBUG  ]  No samples found: homer
[2025-03-25 14:53:32,377] multiqc                                            [DEBUG  ]  No samples found: macs2
[2025-03-25 14:53:32,386] multiqc                                            [DEBUG  ]  No samples found: theta2
[2025-03-25 14:53:32,395] multiqc                                            [DEBUG  ]  No samples found: snpeff
[2025-03-25 14:53:32,408] multiqc                                            [DEBUG  ]  No samples found: gatk
[2025-03-25 14:53:32,417] multiqc                                            [DEBUG  ]  No samples found: htseq
[2025-03-25 14:53:32,427] multiqc                                            [DEBUG  ]  No samples found: bcftools
[2025-03-25 14:53:32,435] multiqc                                            [DEBUG  ]  No samples found: featureCounts
[2025-03-25 14:53:32,447] multiqc                                            [DEBUG  ]  No samples found: fgbio
[2025-03-25 14:53:32,467] multiqc                                            [DEBUG  ]  No samples found: dragen
[2025-03-25 14:53:32,478] multiqc                                            [DEBUG  ]  No samples found: dedup
[2025-03-25 14:53:32,488] multiqc                                            [DEBUG  ]  No samples found: damageprofiler
[2025-03-25 14:53:32,529] multiqc                                            [DEBUG  ]  No samples found: biobambam2
[2025-03-25 14:53:32,544] multiqc                                            [DEBUG  ]  No samples found: mtnucratio
[2025-03-25 14:53:32,552] multiqc                                            [DEBUG  ]  No samples found: picard
[2025-03-25 14:53:32,562] multiqc                                            [DEBUG  ]  No samples found: prokka
[2025-03-25 14:53:32,570] multiqc                                            [DEBUG  ]  No samples found: samblaster
[2025-03-25 14:53:32,583] multiqc                                            [DEBUG  ]  No samples found: samtools
[2025-03-25 14:53:32,592] multiqc                                            [DEBUG  ]  No samples found: sexdeterrmine
[2025-03-25 14:53:32,602] multiqc                                            [DEBUG  ]  No samples found: bamtools
[2025-03-25 14:53:32,611] multiqc                                            [DEBUG  ]  No samples found: jellyfish
[2025-03-25 14:53:32,625] multiqc                                            [DEBUG  ]  No samples found: vcftools
[2025-03-25 14:53:32,636] multiqc                                            [DEBUG  ]  No samples found: longranger
[2025-03-25 14:53:32,646] multiqc                                            [DEBUG  ]  No samples found: stacks
[2025-03-25 14:53:32,655] multiqc                                            [DEBUG  ]  No samples found: varscan2
[2025-03-25 14:53:32,674] multiqc                                            [DEBUG  ]  No samples found: bbmap
[2025-03-25 14:53:32,685] multiqc                                            [DEBUG  ]  No samples found: bismark
[2025-03-25 14:53:32,695] multiqc                                            [DEBUG  ]  No samples found: biscuit
[2025-03-25 14:53:32,705] multiqc                                            [DEBUG  ]  No samples found: hicexplorer
[2025-03-25 14:53:32,714] multiqc                                            [DEBUG  ]  No samples found: hicup
[2025-03-25 14:53:32,722] multiqc                                            [DEBUG  ]  No samples found: hicpro
[2025-03-25 14:53:32,730] multiqc                                            [DEBUG  ]  No samples found: salmon
[2025-03-25 14:53:32,737] multiqc                                            [DEBUG  ]  No samples found: kallisto
[2025-03-25 14:53:32,745] multiqc                                            [DEBUG  ]  No samples found: slamdunk
[2025-03-25 14:53:32,753] multiqc                                            [DEBUG  ]  No samples found: star
[2025-03-25 14:53:32,760] multiqc                                            [DEBUG  ]  No samples found: hisat2
[2025-03-25 14:53:32,767] multiqc                                            [DEBUG  ]  No samples found: tophat
[2025-03-25 14:53:32,775] multiqc                                            [DEBUG  ]  No samples found: bowtie2
[2025-03-25 14:53:32,784] multiqc                                            [DEBUG  ]  No samples found: bowtie1
[2025-03-25 14:53:32,792] multiqc                                            [DEBUG  ]  No samples found: snpsplit
[2025-03-25 14:53:32,799] multiqc                                            [DEBUG  ]  No samples found: kat
[2025-03-25 14:53:32,807] multiqc                                            [DEBUG  ]  No samples found: leehom
[2025-03-25 14:53:32,816] multiqc                                            [DEBUG  ]  No samples found: adapterRemoval
[2025-03-25 14:53:32,824] multiqc                                            [DEBUG  ]  No samples found: clipandmerge
[2025-03-25 14:53:32,831] multiqc                                            [DEBUG  ]  No samples found: cutadapt
[2025-03-25 14:53:32,839] multiqc                                            [DEBUG  ]  No samples found: flexbar
[2025-03-25 14:53:32,848] multiqc                                            [DEBUG  ]  No samples found: kaiju
[2025-03-25 14:53:32,856] multiqc                                            [DEBUG  ]  No samples found: kraken
[2025-03-25 14:53:32,865] multiqc                                            [DEBUG  ]  No samples found: malt
[2025-03-25 14:53:32,873] multiqc                                            [DEBUG  ]  No samples found: trimmomatic
[2025-03-25 14:53:32,882] multiqc                                            [DEBUG  ]  No samples found: sickle
[2025-03-25 14:53:32,891] multiqc                                            [DEBUG  ]  No samples found: skewer
[2025-03-25 14:53:32,899] multiqc                                            [DEBUG  ]  No samples found: sortmerna
[2025-03-25 14:53:32,909] multiqc                                            [DEBUG  ]  No samples found: biobloomtools
[2025-03-25 14:53:32,918] multiqc                                            [DEBUG  ]  No samples found: fastq_screen
[2025-03-25 14:53:32,927] multiqc                                            [DEBUG  ]  No samples found: afterqc
[2025-03-25 14:53:32,935] multiqc                                            [DEBUG  ]  No samples found: fastp
[2025-03-25 14:53:33,168] multiqc.modules.fastqc.fastqc                      [INFO   ]  Found 66 reports
[2025-03-25 14:53:33,575] multiqc                                            [DEBUG  ]  No samples found: pycoqc
[2025-03-25 14:53:33,585] multiqc                                            [DEBUG  ]  No samples found: minionqc
[2025-03-25 14:53:33,593] multiqc                                            [DEBUG  ]  No samples found: multivcfanalyzer
[2025-03-25 14:53:33,601] multiqc                                            [DEBUG  ]  No samples found: clusterflow
[2025-03-25 14:53:33,609] multiqc                                            [DEBUG  ]  No samples found: bcl2fastq
[2025-03-25 14:53:33,619] multiqc                                            [DEBUG  ]  No samples found: interop
[2025-03-25 14:53:33,628] multiqc                                            [DEBUG  ]  No samples found: ivar
[2025-03-25 14:53:33,638] multiqc                                            [DEBUG  ]  No samples found: flash
[2025-03-25 14:53:33,647] multiqc                                            [DEBUG  ]  No samples found: seqyclean
[2025-03-25 14:53:33,721] multiqc                                            [INFO   ]  Compressing plot data
[2025-03-25 14:53:34,309] multiqc                                            [INFO   ]  Report      : ../../results/02_qc/fastqc_raw/multiqc/multiqc_report.html
[2025-03-25 14:53:34,309] multiqc                                            [INFO   ]  Data        : ../../results/02_qc/fastqc_raw/multiqc/multiqc_data
[2025-03-25 14:53:34,309] multiqc                                            [DEBUG  ]  Moving data file from '/tmp/tmp1jj1qwum/multiqc_data' to '../../results/02_qc/fastqc_raw/multiqc/multiqc_data'
[2025-03-25 14:53:34,650] multiqc                                            [INFO   ]  MultiQC complete
